#
# There is insufficient memory for the Java Runtime Environment to continue.
# Native memory allocation (mmap) failed to map 268435456 bytes for G1 virtual space
# Possible reasons:
#   The system is out of physical RAM or swap space
#   The process is running with CompressedOops enabled, and the Java Heap may be blocking the growth of the native heap
# Possible solutions:
#   Reduce memory load on the system
#   Increase physical memory or swap space
#   Check if swap backing store is full
#   Decrease Java heap size (-Xmx/-Xms)
#   Decrease number of Java threads
#   Decrease Java thread stack sizes (-Xss)
#   Set larger code cache with -XX:ReservedCodeCacheSize=
#   JVM is running with Zero Based Compressed Oops mode in which the Java heap is
#     placed in the first 32GB address space. The Java Heap base address is the
#     maximum limit for the native heap growth. Please use -XX:HeapBaseMinAddress
#     to set the Java Heap base and to place the Java Heap above 32GB virtual address.
# This output file may be truncated or incomplete.
#
#  Out of Memory Error (os_windows.cpp:3769), pid=17860, tid=8420
#
# JRE version:  (17.0.6+10) (build )
# Java VM: OpenJDK 64-Bit Server VM (17.0.6+10-b829.9, mixed mode, sharing, tiered, compressed oops, compressed class ptrs, g1 gc, windows-amd64)
# No core dump will be written. Minidumps are not enabled by default on client versions of Windows
#

---------------  S U M M A R Y ------------

Command Line: 

Host: AMD Ryzen 5 3600XT 6-Core Processor            , 12 cores, 15G,  Windows 10 , 64 bit Build 19041 (10.0.19041.2913)
Time: Wed Aug 23 16:00:04 2023 Eastern Daylight Time elapsed time: 0.044049 seconds (0d 0h 0m 0s)

---------------  T H R E A D  ---------------

Current thread (0x000002895e15ccf0):  JavaThread "Unknown thread" [_thread_in_vm, id=8420, stack(0x000000f593400000,0x000000f593500000)]

Stack: [0x000000f593400000,0x000000f593500000]
Native frames: (J=compiled Java code, j=interpreted, Vv=VM code, C=native code)
V  [jvm.dll+0x683c5a]  os::platform_print_native_stack+0xca  (os_windows_x86.cpp:235)
V  [jvm.dll+0x842764]  VMError::report+0xc34  (vmError.cpp:742)
V  [jvm.dll+0x843f5e]  VMError::report_and_die+0x78e  (vmError.cpp:1557)
V  [jvm.dll+0x8445c3]  VMError::report_and_die+0x43  (vmError.cpp:1343)
V  [jvm.dll+0x249b75]  report_vm_out_of_memory+0x85  (debug.cpp:323)
V  [jvm.dll+0x680b29]  os::pd_commit_memory_or_exit+0xc9  (os_windows.cpp:3777)
V  [jvm.dll+0x67501a]  os::commit_memory_or_exit+0x2a  (os.cpp:1814)
V  [jvm.dll+0x309acb]  G1PageBasedVirtualSpace::commit+0x19b  (g1PageBasedVirtualSpace.cpp:204)
V  [jvm.dll+0x310f86]  G1RegionsLargerThanCommitSizeMapper::commit_regions+0x96  (g1RegionToSpaceMapper.cpp:100)
V  [jvm.dll+0x3608ee]  HeapRegionManager::expand_any+0xee  (heapRegionManager.cpp:363)
V  [jvm.dll+0x360b1f]  HeapRegionManager::expand_by+0x7f  (heapRegionManager.cpp:380)
V  [jvm.dll+0x2dfbf8]  G1CollectedHeap::expand+0xb8  (g1CollectedHeap.cpp:1298)
V  [jvm.dll+0x2e0b64]  G1CollectedHeap::initialize+0x664  (g1CollectedHeap.cpp:1719)
V  [jvm.dll+0x814051]  universe_init+0xb1  (universe.cpp:735)
V  [jvm.dll+0x36e6a1]  init_globals+0x31  (init.cpp:124)
V  [jvm.dll+0x7f358c]  Threads::create_vm+0x60c  (thread.cpp:2882)
V  [jvm.dll+0x3f0e8f]  JNI_CreateJavaVM_inner+0x8f  (jni.cpp:3635)
V  [jvm.dll+0x3f29d1]  JNI_CreateJavaVM+0x11  (jni.cpp:3727)
C  [jli.dll+0x526b]  JavaMain+0x113  (java.c:411)
C  [ucrtbase.dll+0x21bb2]
C  [KERNEL32.DLL+0x17614]
C  [ntdll.dll+0x526a1]


---------------  P R O C E S S  ---------------

Threads class SMR info:
_java_thread_list=0x00007ffa4c93c058, length=0, elements={
}

Java Threads: ( => current thread )

Other Threads:
  0x000002895e1ca770 GCTaskThread "GC Thread#0" [stack: 0x000000f593500000,0x000000f593600000] [id=12568]
  0x000002895e1dbd90 ConcurrentGCThread "G1 Main Marker" [stack: 0x000000f593600000,0x000000f593700000] [id=19292]
  0x000002895e1dc7a0 ConcurrentGCThread "G1 Conc#0" [stack: 0x000000f593700000,0x000000f593800000] [id=3424]

[error occurred during error reporting (printing all threads), id 0xc0000005, EXCEPTION_ACCESS_VIOLATION (0xc0000005) at pc=0x00007ffa4c0f0797]

VM state: not at safepoint (not fully initialized)

VM Mutex/Monitor currently owned by a thread:  ([mutex/lock_event])
[0x000002895e159c20] Heap_lock - owner thread: 0x000002895e15ccf0

Heap address: 0x0000000700c00000, size: 4084 MB, Compressed Oops mode: Zero based, Oop shift amount: 3

CDS archive(s) mapped at: [0x0000000000000000-0x0000000000000000-0x0000000000000000), size 0, SharedBaseAddress: 0x0000000800000000, ArchiveRelocationMode: 0.
Narrow klass base: 0x0000000000000000, Narrow klass shift: 0, Narrow klass range: 0x0

GC Precious Log:
<Empty>

Heap:
 garbage-first heap   total 0K, used 0K [0x0000000700c00000, 0x0000000800000000)
  region size 2048K, 0 young (0K), 0 survivors (0K)

[error occurred during error reporting (printing heap information), id 0xc0000005, EXCEPTION_ACCESS_VIOLATION (0xc0000005) at pc=0x00007ffa4c4dda49]

GC Heap History (0 events):
No events

Dll operation events (1 events):
Event: 0.026 Loaded shared library C:\Users\hayd6\.jdks\jbr-17.0.6\bin\java.dll

Deoptimization events (0 events):
No events

Classes unloaded (0 events):
No events

Classes redefined (0 events):
No events

Internal exceptions (0 events):
No events

VM Operations (0 events):
No events

Events (0 events):
No events


Dynamic libraries:
0x00007ff7ebdb0000 - 0x00007ff7ebdba000 	C:\Users\hayd6\.jdks\jbr-17.0.6\bin\java.exe
0x00007ffab3650000 - 0x00007ffab3848000 	C:\WINDOWS\SYSTEM32\ntdll.dll
0x00007ffab2460000 - 0x00007ffab251f000 	C:\WINDOWS\System32\KERNEL32.DLL
0x00007ffab13b0000 - 0x00007ffab16a6000 	C:\WINDOWS\System32\KERNELBASE.dll
0x00007ffab0e10000 - 0x00007ffab0f10000 	C:\WINDOWS\System32\ucrtbase.dll
0x00007ffaa75b0000 - 0x00007ffaa75c7000 	C:\Users\hayd6\.jdks\jbr-17.0.6\bin\jli.dll
0x00007ffab3470000 - 0x00007ffab360d000 	C:\WINDOWS\System32\USER32.dll
0x00007ffaa7590000 - 0x00007ffaa75ab000 	C:\Users\hayd6\.jdks\jbr-17.0.6\bin\VCRUNTIME140.dll
0x00007ffab0f10000 - 0x00007ffab0f32000 	C:\WINDOWS\System32\win32u.dll
0x00007ffa9e760000 - 0x00007ffa9e9fa000 	C:\WINDOWS\WinSxS\amd64_microsoft.windows.common-controls_6595b64144ccf1df_6.0.19041.1110_none_60b5254171f9507e\COMCTL32.dll
0x00007ffab2910000 - 0x00007ffab293c000 	C:\WINDOWS\System32\GDI32.dll
0x00007ffab31a0000 - 0x00007ffab323e000 	C:\WINDOWS\System32\msvcrt.dll
0x00007ffab1240000 - 0x00007ffab1355000 	C:\WINDOWS\System32\gdi32full.dll
0x00007ffab11a0000 - 0x00007ffab123d000 	C:\WINDOWS\System32\msvcp_win.dll
0x00007ffab20c0000 - 0x00007ffab20f0000 	C:\WINDOWS\System32\IMM32.DLL
0x00007ffaa7580000 - 0x00007ffaa758c000 	C:\Users\hayd6\.jdks\jbr-17.0.6\bin\vcruntime140_1.dll
0x00007ffaa74f0000 - 0x00007ffaa757d000 	C:\Users\hayd6\.jdks\jbr-17.0.6\bin\msvcp140.dll
0x00007ffa4be00000 - 0x00007ffa4ca6e000 	C:\Users\hayd6\.jdks\jbr-17.0.6\bin\server\jvm.dll
0x00007ffab3240000 - 0x00007ffab32ef000 	C:\WINDOWS\System32\ADVAPI32.dll
0x00007ffab3370000 - 0x00007ffab340c000 	C:\WINDOWS\System32\sechost.dll
0x00007ffab1860000 - 0x00007ffab1986000 	C:\WINDOWS\System32\RPCRT4.dll
0x00007ffaa7370000 - 0x00007ffaa737a000 	C:\WINDOWS\SYSTEM32\VERSION.dll
0x00007ffaa6e50000 - 0x00007ffaa6e77000 	C:\WINDOWS\SYSTEM32\WINMM.dll
0x00007ffa9a150000 - 0x00007ffa9a159000 	C:\WINDOWS\SYSTEM32\WSOCK32.dll
0x00007ffab2220000 - 0x00007ffab228b000 	C:\WINDOWS\System32\WS2_32.dll
0x00007ffaaf560000 - 0x00007ffaaf572000 	C:\WINDOWS\SYSTEM32\kernel.appcore.dll
0x00007ffaa74e0000 - 0x00007ffaa74ea000 	C:\Users\hayd6\.jdks\jbr-17.0.6\bin\jimage.dll
0x00007ffa9fdd0000 - 0x00007ffa9ffb4000 	C:\WINDOWS\SYSTEM32\DBGHELP.DLL
0x00007ffa9a4c0000 - 0x00007ffa9a4f4000 	C:\WINDOWS\SYSTEM32\dbgcore.DLL
0x00007ffab0fb0000 - 0x00007ffab1032000 	C:\WINDOWS\System32\bcryptPrimitives.dll
0x00007ffaa74b0000 - 0x00007ffaa74d5000 	C:\Users\hayd6\.jdks\jbr-17.0.6\bin\java.dll

dbghelp: loaded successfully - version: 4.0.5 - missing functions: none
symbol engine: initialized successfully - sym options: 0x614 - pdb path: .;C:\Users\hayd6\.jdks\jbr-17.0.6\bin;C:\WINDOWS\SYSTEM32;C:\WINDOWS\WinSxS\amd64_microsoft.windows.common-controls_6595b64144ccf1df_6.0.19041.1110_none_60b5254171f9507e;C:\Users\hayd6\.jdks\jbr-17.0.6\bin\server

VM Arguments:
java_command: <unknown>
java_class_path (initial): <not set>
Launcher Type: SUN_STANDARD

[Global flags]
     intx CICompilerCount                          = 4                                         {product} {ergonomic}
     uint ConcGCThreads                            = 3                                         {product} {ergonomic}
     uint G1ConcRefinementThreads                  = 10                                        {product} {ergonomic}
   size_t G1HeapRegionSize                         = 2097152                                   {product} {ergonomic}
    uintx GCDrainStackTargetSize                   = 64                                        {product} {ergonomic}
   size_t InitialHeapSize                          = 268435456                                 {product} {ergonomic}
   size_t MarkStackSize                            = 4194304                                   {product} {ergonomic}
   size_t MaxHeapSize                              = 4282384384                                {product} {ergonomic}
   size_t MinHeapDeltaBytes                        = 2097152                                   {product} {ergonomic}
   size_t MinHeapSize                              = 8388608                                   {product} {ergonomic}
    uintx NonNMethodCodeHeapSize                   = 5839372                                {pd product} {ergonomic}
    uintx NonProfiledCodeHeapSize                  = 122909434                              {pd product} {ergonomic}
    uintx ProfiledCodeHeapSize                     = 122909434                              {pd product} {ergonomic}
    uintx ReservedCodeCacheSize                    = 251658240                              {pd product} {ergonomic}
     bool SegmentedCodeCache                       = true                                      {product} {ergonomic}
   size_t SoftMaxHeapSize                          = 4282384384                             {manageable} {ergonomic}
     bool UseCompressedClassPointers               = true                           {product lp64_product} {ergonomic}
     bool UseCompressedOops                        = true                           {product lp64_product} {ergonomic}
     bool UseG1GC                                  = true                                      {product} {ergonomic}
     bool UseLargePagesIndividualAllocation        = false                                  {pd product} {ergonomic}

Logging:
Log output configuration:
 #0: stdout all=warning uptime,level,tags
 #1: stderr all=off uptime,level,tags

Environment Variables:
PATH=C:\Program Files\Oculus\Support\oculus-runtime;C:\Users\hayd6\.jdks\jbr-17.0.6\bin;C:\Program Files (x86)\Razer Chroma SDK\bin;C:\Program Files\Razer Chroma SDK\bin;C:\Program Files (x86)\Razer\ChromaBroadcast\bin;C:\Program Files\Razer\ChromaBroadcast\bin;C:\Program Files\Microsoft MPI\Bin\;C:\Program Files (x86)\Common Files\Oracle\Java\javapath;C:\Windows\system32;C:\Windows;C:\Windows\System32\Wbem;C:\Windows\System32\WindowsPowerShell\v1.0\;C:\Windows\System32\OpenSSH\;C:\Program Files\NVIDIA Corporation\NVIDIA NvDLISR;C:\Program Files\WorldPainter;C:\Program Files (x86)\Autodesk\Backburner\;C:\Program Files (x86)\Common Files\Autodesk Shared\;C:\Program Files (x86)\NVIDIA Corporation\PhysX\Common;C:\Users\hayd6\AppData\Local\Microsoft\WindowsApps;C:\Users\hayd6\AppData\Local\Programs\Microsoft VS Code\bin;C:\Users\hayd6\AppData\Local\GitHubDesktop\bin;C:\Windows\system32\config\systemprofile\AppData\Local\Microsoft\WindowsApps;C:\Program Files\dotnet\;C:\Program Files\Microsoft SQL Server\130\Tools\Binn\;C:\Program Files\Microsoft SQL Server\Client SDK\ODBC\170\Tools\Binn\;C:\WINDOWS\system32;C:\WINDOWS;C:\WINDOWS\System32\Wbem;C:\WINDOWS\System32\WindowsPowerShell\v1.0\;C:\WINDOWS\System32\OpenSSH\;C:\Program Files\Microsoft SQL Server\110\Tools\Binn\;C:\Program Files (x86)\Microsoft SDKs\TypeScript\1.0\;C:\Program Files\Microsoft SQL Server\120\Tools\Binn\;C:\Program Files (x86)\Microsoft SQL Server\90\Tools\binn\;C:\Program Files\TortoiseSVN\bin;C:\Program Files\Git\cmd;C:\Program Files\GitHub CLI\;C:\ProgramData\chocolatey\bin;C:\tools\msys64\mingw64\bine;C:\Users\hayd6\AppData\Local\Programs\Python\Python310\Scripts\;C:\Users\hayd6\AppData\Local\Programs\Python\Python310\;C:\Users\hayd6\.dotnet\tools;D:\SteamLibrary\steamapps\common\Half-Life 2\hl2\..\bin;C:\Users\hayd6\AppData\Roaming\Python\Python310\site-packages;C:\Users\hayd6\Dropbox\My PC (DESKTOP-GNPM4UM)\Documents\pathstuff;C:\Users\hayd6\AppData\Local\JetBrains\Toolbox\scripts;C:\tools\msys64;c
USERNAME=hayd6
OS=Windows_NT
PROCESSOR_IDENTIFIER=AMD64 Family 23 Model 113 Stepping 0, AuthenticAMD
TMP=C:\Users\hayd6\AppData\Local\Temp
TEMP=E:\Temp


JNI global refs:

[error occurred during error reporting (JNI global references), id 0xc0000005, EXCEPTION_ACCESS_VIOLATION (0xc0000005) at pc=0x00007ffa4beb7a10]


---------------  S Y S T E M  ---------------

OS:
 Windows 10 , 64 bit Build 19041 (10.0.19041.2913)
OS uptime: 0 days 0:14 hours
Hyper-V role detected

CPU: total 12 (initial active 12) (12 cores per cpu, 2 threads per core) family 23 model 113 stepping 0 microcode 0x0, cx8, cmov, fxsr, ht, mmx, 3dnowpref, sse, sse2, sse3, ssse3, sse4a, sse4.1, sse4.2, popcnt, lzcnt, tsc, tscinvbit, avx, avx2, aes, clmul, bmi1, bmi2, adx, sha, fma, vzeroupper, clflush, clflushopt, hv

Memory: 4k page, system-wide physical 16328M (1831M free)
TotalPageFile size 16328M (AvailPageFile size 124M)
current process WorkingSet (physical memory assigned to process): 37M, peak: 37M
current process commit charge ("private bytes"): 90M, peak: 320M

vm_info: OpenJDK 64-Bit Server VM (17.0.6+10-b829.9) for windows-amd64 JRE (17.0.6+10-b829.9), built on 2023-04-09 by "builduser" with MS VC++ 16.10 / 16.11 (VS2019)

END.
